<?xml version="1.0" encoding="UTF-8"?>
<testng-results ignored="0" total="2" passed="2" failed="0" skipped="0">
  <reporter-output>
  </reporter-output>
  <suite started-at="2023-06-08T22:14:03 BST" name="Default suite" finished-at="2023-06-08T22:14:09 BST" duration-ms="6087">
    <groups>
    </groups>
    <test started-at="2023-06-08T22:14:03 BST" name="Default test" finished-at="2023-06-08T22:14:09 BST" duration-ms="6087">
      <class name="com.qa.mailtravel.tests.HomePageTest">
        <test-method is-config="true" signature="setup()[pri:0, instance:com.qa.mailtravel.tests.HomePageTest@3e11f9e9]" started-at="2023-06-08T22:14:03 BST" name="setup" finished-at="2023-06-08T22:14:09 BST" duration-ms="5870" status="PASS">
          <reporter-output>
          </reporter-output>
        </test-method> <!-- setup -->
        <test-method signature="homepageTitleTest()[pri:0, instance:com.qa.mailtravel.tests.HomePageTest@3e11f9e9]" started-at="2023-06-08T22:14:09 BST" name="homepageTitleTest" finished-at="2023-06-08T22:14:09 BST" duration-ms="18" status="PASS">
          <reporter-output>
          </reporter-output>
        </test-method> <!-- homepageTitleTest -->
        <test-method signature="searchExistTest()[pri:0, instance:com.qa.mailtravel.tests.HomePageTest@3e11f9e9]" started-at="2023-06-08T22:14:09 BST" name="searchExistTest" finished-at="2023-06-08T22:14:09 BST" duration-ms="40" status="PASS">
          <reporter-output>
          </reporter-output>
        </test-method> <!-- searchExistTest -->
        <test-method is-config="true" signature="tearDown()[pri:0, instance:com.qa.mailtravel.tests.HomePageTest@3e11f9e9]" started-at="2023-06-08T22:14:09 BST" name="tearDown" finished-at="2023-06-08T22:14:09 BST" duration-ms="119" status="PASS">
          <reporter-output>
          </reporter-output>
        </test-method> <!-- tearDown -->
      </class> <!-- com.qa.mailtravel.tests.HomePageTest -->
    </test> <!-- Default test -->
  </suite> <!-- Default suite -->
</testng-results>
